2025/08/18 03:39:47 [notice] 1#1: using the "epoll" event method
2025/08/18 03:39:47 [notice] 1#1: nginx/1.29.1
2025/08/18 03:39:47 [notice] 1#1: built by gcc 14.2.0 (Alpine 14.2.0) 
2025/08/18 03:39:47 [notice] 1#1: OS: Linux 6.6.87.2-microsoft-standard-WSL2
2025/08/18 03:39:47 [notice] 1#1: getrlimit(RLIMIT_NOFILE): 1048576:1048576
2025/08/18 03:39:47 [notice] 1#1: start worker processes
2025/08/18 03:39:47 [notice] 1#1: start worker process 29
2025/08/18 03:39:47 [notice] 1#1: start worker process 30
2025/08/18 03:39:47 [notice] 1#1: start worker process 31
2025/08/18 03:39:47 [notice] 1#1: start worker process 32
2025/08/18 03:39:47 [notice] 1#1: start worker process 33
2025/08/18 03:39:47 [notice] 1#1: start worker process 34
2025/08/18 03:39:47 [notice] 1#1: start worker process 35
2025/08/18 03:39:47 [notice] 1#1: start worker process 36
2025/08/18 03:39:47 [notice] 1#1: start worker process 37
2025/08/18 03:39:47 [notice] 1#1: start worker process 38
2025/08/18 03:39:47 [notice] 1#1: start worker process 39
2025/08/18 03:39:47 [notice] 1#1: start worker process 40
2025/08/18 03:39:47 [notice] 1#1: start worker process 41
2025/08/18 03:39:47 [notice] 1#1: start worker process 42
2025/08/18 03:39:47 [notice] 1#1: start worker process 43
2025/08/18 03:39:47 [notice] 1#1: start worker process 44
2025/08/18 03:39:47 [notice] 1#1: start worker process 45
2025/08/18 03:39:47 [notice] 1#1: start worker process 46
2025/08/18 03:39:47 [notice] 1#1: start worker process 47
2025/08/18 03:39:47 [notice] 1#1: start worker process 48
2025/08/18 03:39:47 [notice] 1#1: start worker process 49
2025/08/18 03:39:47 [notice] 1#1: start worker process 50
2025/08/18 03:39:47 [notice] 1#1: start worker process 51
2025/08/18 03:39:47 [notice] 1#1: start worker process 52
2025/08/18 03:39:47 [notice] 1#1: start worker process 53
2025/08/18 03:39:47 [notice] 1#1: start worker process 54
2025/08/18 03:39:47 [notice] 1#1: start worker process 55
2025/08/18 03:39:47 [notice] 1#1: start worker process 56
2025/08/18 03:39:47 [notice] 1#1: start worker process 57
2025/08/18 03:39:47 [notice] 1#1: start worker process 58
2025/08/18 03:39:47 [notice] 1#1: start worker process 59
2025/08/18 03:39:47 [notice] 1#1: start worker process 60
2025/08/18 03:50:07 [notice] 1#1: signal 3 (SIGQUIT) received, shutting down
2025/08/18 03:50:07 [notice] 29#29: gracefully shutting down
2025/08/18 03:50:07 [notice] 59#59: gracefully shutting down
2025/08/18 03:50:07 [notice] 30#30: gracefully shutting down
2025/08/18 03:50:07 [notice] 31#31: gracefully shutting down
2025/08/18 03:50:07 [notice] 33#33: gracefully shutting down
2025/08/18 03:50:07 [notice] 37#37: gracefully shutting down
2025/08/18 03:50:07 [notice] 36#36: gracefully shutting down
2025/08/18 03:50:07 [notice] 41#41: gracefully shutting down
2025/08/18 03:50:07 [notice] 40#40: gracefully shutting down
2025/08/18 03:50:07 [notice] 42#42: gracefully shutting down
2025/08/18 03:50:07 [notice] 39#39: gracefully shutting down
2025/08/18 03:50:07 [notice] 45#45: gracefully shutting down
2025/08/18 03:50:07 [notice] 47#47: gracefully shutting down
2025/08/18 03:50:07 [notice] 43#43: gracefully shutting down
2025/08/18 03:50:07 [notice] 50#50: gracefully shutting down
2025/08/18 03:50:07 [notice] 49#49: gracefully shutting down
2025/08/18 03:50:07 [notice] 48#48: gracefully shutting down
2025/08/18 03:50:07 [notice] 34#34: gracefully shutting down
2025/08/18 03:50:07 [notice] 51#51: gracefully shutting down
2025/08/18 03:50:07 [notice] 32#32: gracefully shutting down
2025/08/18 03:50:07 [notice] 46#46: gracefully shutting down
2025/08/18 03:50:07 [notice] 52#52: gracefully shutting down
2025/08/18 03:50:07 [notice] 38#38: gracefully shutting down
2025/08/18 03:50:07 [notice] 56#56: gracefully shutting down
2025/08/18 03:50:07 [notice] 55#55: gracefully shutting down
2025/08/18 03:50:07 [notice] 53#53: gracefully shutting down
2025/08/18 03:50:07 [notice] 54#54: gracefully shutting down
2025/08/18 03:50:07 [notice] 58#58: gracefully shutting down
2025/08/18 03:50:07 [notice] 44#44: gracefully shutting down
2025/08/18 03:50:07 [notice] 60#60: gracefully shutting down
2025/08/18 03:50:07 [notice] 57#57: gracefully shutting down
2025/08/18 03:50:07 [notice] 35#35: gracefully shutting down
2025/08/18 03:50:07 [notice] 29#29: exiting
2025/08/18 03:50:07 [notice] 59#59: exiting
2025/08/18 03:50:07 [notice] 30#30: exiting
2025/08/18 03:50:07 [notice] 31#31: exiting
2025/08/18 03:50:07 [notice] 33#33: exiting
2025/08/18 03:50:07 [notice] 37#37: exiting
2025/08/18 03:50:07 [notice] 36#36: exiting
2025/08/18 03:50:07 [notice] 41#41: exiting
2025/08/18 03:50:07 [notice] 40#40: exiting
2025/08/18 03:50:07 [notice] 42#42: exiting
2025/08/18 03:50:07 [notice] 39#39: exiting
2025/08/18 03:50:07 [notice] 45#45: exiting
2025/08/18 03:50:07 [notice] 47#47: exiting
2025/08/18 03:50:07 [notice] 43#43: exiting
2025/08/18 03:50:07 [notice] 50#50: exiting
2025/08/18 03:50:07 [notice] 49#49: exiting
2025/08/18 03:50:07 [notice] 48#48: exiting
2025/08/18 03:50:07 [notice] 34#34: exiting
2025/08/18 03:50:07 [notice] 51#51: exiting
2025/08/18 03:50:07 [notice] 32#32: exiting
2025/08/18 03:50:07 [notice] 46#46: exiting
2025/08/18 03:50:07 [notice] 52#52: exiting
2025/08/18 03:50:07 [notice] 38#38: exiting
2025/08/18 03:50:07 [notice] 56#56: exiting
2025/08/18 03:50:07 [notice] 55#55: exiting
2025/08/18 03:50:07 [notice] 53#53: exiting
2025/08/18 03:50:07 [notice] 54#54: exiting
2025/08/18 03:50:07 [notice] 58#58: exiting
2025/08/18 03:50:07 [notice] 44#44: exiting
2025/08/18 03:50:07 [notice] 60#60: exiting
2025/08/18 03:50:07 [notice] 57#57: exiting
2025/08/18 03:50:07 [notice] 35#35: exiting
2025/08/18 03:50:07 [notice] 29#29: exit
2025/08/18 03:50:07 [notice] 59#59: exit
2025/08/18 03:50:07 [notice] 30#30: exit
2025/08/18 03:50:07 [notice] 31#31: exit
2025/08/18 03:50:07 [notice] 33#33: exit
2025/08/18 03:50:07 [notice] 37#37: exit
2025/08/18 03:50:07 [notice] 36#36: exit
2025/08/18 03:50:07 [notice] 41#41: exit
2025/08/18 03:50:07 [notice] 40#40: exit
2025/08/18 03:50:07 [notice] 42#42: exit
2025/08/18 03:50:07 [notice] 39#39: exit
2025/08/18 03:50:07 [notice] 45#45: exit
2025/08/18 03:50:07 [notice] 47#47: exit
2025/08/18 03:50:07 [notice] 43#43: exit
2025/08/18 03:50:07 [notice] 50#50: exit
2025/08/18 03:50:07 [notice] 49#49: exit
2025/08/18 03:50:07 [notice] 48#48: exit
2025/08/18 03:50:07 [notice] 34#34: exit
2025/08/18 03:50:07 [notice] 51#51: exit
2025/08/18 03:50:07 [notice] 32#32: exit
2025/08/18 03:50:07 [notice] 46#46: exit
2025/08/18 03:50:07 [notice] 52#52: exit
2025/08/18 03:50:07 [notice] 38#38: exit
2025/08/18 03:50:07 [notice] 56#56: exit
2025/08/18 03:50:07 [notice] 55#55: exit
2025/08/18 03:50:07 [notice] 53#53: exit
2025/08/18 03:50:07 [notice] 54#54: exit
2025/08/18 03:50:07 [notice] 58#58: exit
2025/08/18 03:50:07 [notice] 44#44: exit
2025/08/18 03:50:07 [notice] 60#60: exit
2025/08/18 03:50:07 [notice] 57#57: exit
2025/08/18 03:50:07 [notice] 35#35: exit
2025/08/18 03:50:07 [notice] 1#1: signal 17 (SIGCHLD) received from 59
2025/08/18 03:50:07 [notice] 1#1: worker process 59 exited with code 0
2025/08/18 03:50:07 [notice] 1#1: signal 29 (SIGIO) received
2025/08/18 03:50:07 [notice] 1#1: signal 17 (SIGCHLD) received from 46
2025/08/18 03:50:07 [notice] 1#1: worker process 29 exited with code 0
2025/08/18 03:50:07 [notice] 1#1: worker process 40 exited with code 0
2025/08/18 03:50:07 [notice] 1#1: worker process 43 exited with code 0
2025/08/18 03:50:07 [notice] 1#1: worker process 46 exited with code 0
2025/08/18 03:50:07 [notice] 1#1: signal 29 (SIGIO) received
2025/08/18 03:50:07 [notice] 1#1: signal 17 (SIGCHLD) received from 29
2025/08/18 03:50:07 [notice] 1#1: worker process 30 exited with code 0
2025/08/18 03:50:07 [notice] 1#1: worker process 31 exited with code 0
2025/08/18 03:50:07 [notice] 1#1: worker process 36 exited with code 0
2025/08/18 03:50:07 [notice] 1#1: worker process 37 exited with code 0
2025/08/18 03:50:07 [notice] 1#1: worker process 41 exited with code 0
2025/08/18 03:50:07 [notice] 1#1: worker process 45 exited with code 0
2025/08/18 03:50:07 [notice] 1#1: worker process 48 exited with code 0
2025/08/18 03:50:07 [notice] 1#1: worker process 51 exited with code 0
2025/08/18 03:50:07 [notice] 1#1: worker process 58 exited with code 0
2025/08/18 03:50:07 [notice] 1#1: signal 29 (SIGIO) received
2025/08/18 03:50:07 [notice] 1#1: signal 17 (SIGCHLD) received from 36
2025/08/18 03:50:07 [notice] 1#1: worker process 32 exited with code 0
2025/08/18 03:50:07 [notice] 1#1: worker process 33 exited with code 0
2025/08/18 03:50:07 [notice] 1#1: worker process 34 exited with code 0
2025/08/18 03:50:07 [notice] 1#1: worker process 35 exited with code 0
2025/08/18 03:50:07 [notice] 1#1: worker process 38 exited with code 0
2025/08/18 03:50:07 [notice] 1#1: worker process 42 exited with code 0
2025/08/18 03:50:07 [notice] 1#1: worker process 44 exited with code 0
2025/08/18 03:50:07 [notice] 1#1: worker process 47 exited with code 0
2025/08/18 03:50:07 [notice] 1#1: worker process 49 exited with code 0
2025/08/18 03:50:07 [notice] 1#1: worker process 50 exited with code 0
2025/08/18 03:50:07 [notice] 1#1: worker process 39 exited with code 0
2025/08/18 03:50:07 [notice] 1#1: worker process 52 exited with code 0
2025/08/18 03:50:07 [notice] 1#1: worker process 53 exited with code 0
2025/08/18 03:50:07 [notice] 1#1: worker process 54 exited with code 0
2025/08/18 03:50:07 [notice] 1#1: worker process 55 exited with code 0
2025/08/18 03:50:07 [notice] 1#1: worker process 56 exited with code 0
2025/08/18 03:50:07 [notice] 1#1: worker process 57 exited with code 0
2025/08/18 03:50:07 [notice] 1#1: worker process 60 exited with code 0
2025/08/18 03:50:07 [notice] 1#1: exit
2025/08/18 03:50:24 [notice] 1#1: using the "epoll" event method
2025/08/18 03:50:24 [notice] 1#1: nginx/1.29.1
2025/08/18 03:50:24 [notice] 1#1: built by gcc 14.2.0 (Alpine 14.2.0) 
2025/08/18 03:50:24 [notice] 1#1: OS: Linux 6.6.87.2-microsoft-standard-WSL2
2025/08/18 03:50:24 [notice] 1#1: getrlimit(RLIMIT_NOFILE): 1048576:1048576
2025/08/18 03:50:24 [notice] 1#1: start worker processes
2025/08/18 03:50:24 [notice] 1#1: start worker process 29
2025/08/18 03:50:24 [notice] 1#1: start worker process 30
2025/08/18 03:50:24 [notice] 1#1: start worker process 31
2025/08/18 03:50:24 [notice] 1#1: start worker process 32
2025/08/18 03:50:24 [notice] 1#1: start worker process 33
2025/08/18 03:50:24 [notice] 1#1: start worker process 34
2025/08/18 03:50:24 [notice] 1#1: start worker process 35
2025/08/18 03:50:24 [notice] 1#1: start worker process 36
2025/08/18 03:50:24 [notice] 1#1: start worker process 37
2025/08/18 03:50:24 [notice] 1#1: start worker process 38
2025/08/18 03:50:24 [notice] 1#1: start worker process 39
2025/08/18 03:50:24 [notice] 1#1: start worker process 40
2025/08/18 03:50:24 [notice] 1#1: start worker process 41
2025/08/18 03:50:24 [notice] 1#1: start worker process 42
2025/08/18 03:50:24 [notice] 1#1: start worker process 43
2025/08/18 03:50:24 [notice] 1#1: start worker process 44
2025/08/18 03:50:24 [notice] 1#1: start worker process 45
2025/08/18 03:50:24 [notice] 1#1: start worker process 46
2025/08/18 03:50:24 [notice] 1#1: start worker process 47
2025/08/18 03:50:24 [notice] 1#1: start worker process 48
2025/08/18 03:50:24 [notice] 1#1: start worker process 49
2025/08/18 03:50:24 [notice] 1#1: start worker process 50
2025/08/18 03:50:24 [notice] 1#1: start worker process 51
2025/08/18 03:50:24 [notice] 1#1: start worker process 52
2025/08/18 03:50:24 [notice] 1#1: start worker process 53
2025/08/18 03:50:24 [notice] 1#1: start worker process 54
2025/08/18 03:50:24 [notice] 1#1: start worker process 55
2025/08/18 03:50:24 [notice] 1#1: start worker process 56
2025/08/18 03:50:24 [notice] 1#1: start worker process 57
2025/08/18 03:50:24 [notice] 1#1: start worker process 58
2025/08/18 03:50:24 [notice] 1#1: start worker process 59
2025/08/18 03:50:24 [notice] 1#1: start worker process 60
2025/08/18 03:50:45 [error] 29#29: *1 open() "/usr/share/nginx/html/index.php/apps/files/preview-service-worker.js" failed (2: No such file or directory), client: 172.17.0.1, server: localhost, request: "GET /index.php/apps/files/preview-service-worker.js HTTP/1.1", host: "localhost:8080", referrer: "http://localhost:8080/index.php/apps/files/preview-service-worker.js"
2025/08/18 03:51:13 [error] 29#29: *1 open() "/usr/share/nginx/html/.well-known/appspecific/com.chrome.devtools.json" failed (2: No such file or directory), client: 172.17.0.1, server: localhost, request: "GET /.well-known/appspecific/com.chrome.devtools.json HTTP/1.1", host: "localhost:8080"
2025/08/18 03:51:17 [error] 30#30: *2 open() "/usr/share/nginx/html/index.php/apps/files/preview-service-worker.js" failed (2: No such file or directory), client: 172.17.0.1, server: localhost, request: "GET /index.php/apps/files/preview-service-worker.js HTTP/1.1", host: "localhost:8080", referrer: "http://localhost:8080/index.php/apps/files/preview-service-worker.js"
2025/08/18 03:51:53 [error] 30#30: *2 open() "/usr/share/nginx/html/index.php/apps/files/preview-service-worker.js" failed (2: No such file or directory), client: 172.17.0.1, server: localhost, request: "GET /index.php/apps/files/preview-service-worker.js HTTP/1.1", host: "localhost:8080", referrer: "http://localhost:8080/index.php/apps/files/preview-service-worker.js"
2025/08/18 03:52:21 [notice] 1#1: signal 3 (SIGQUIT) received, shutting down
2025/08/18 03:52:21 [notice] 29#29: gracefully shutting down
2025/08/18 03:52:21 [notice] 31#31: gracefully shutting down
2025/08/18 03:52:21 [notice] 30#30: gracefully shutting down
2025/08/18 03:52:21 [notice] 32#32: gracefully shutting down
2025/08/18 03:52:21 [notice] 34#34: gracefully shutting down
2025/08/18 03:52:21 [notice] 36#36: gracefully shutting down
2025/08/18 03:52:21 [notice] 38#38: gracefully shutting down
2025/08/18 03:52:21 [notice] 37#37: gracefully shutting down
2025/08/18 03:52:21 [notice] 33#33: gracefully shutting down
2025/08/18 03:52:21 [notice] 40#40: gracefully shutting down
2025/08/18 03:52:21 [notice] 39#39: gracefully shutting down
2025/08/18 03:52:21 [notice] 41#41: gracefully shutting down
2025/08/18 03:52:21 [notice] 35#35: gracefully shutting down
2025/08/18 03:52:21 [notice] 43#43: gracefully shutting down
2025/08/18 03:52:21 [notice] 44#44: gracefully shutting down
2025/08/18 03:52:21 [notice] 47#47: gracefully shutting down
2025/08/18 03:52:21 [notice] 48#48: gracefully shutting down
2025/08/18 03:52:21 [notice] 48#48: exiting
2025/08/18 03:52:21 [notice] 45#45: gracefully shutting down
2025/08/18 03:52:21 [notice] 49#49: gracefully shutting down
2025/08/18 03:52:21 [notice] 42#42: gracefully shutting down
2025/08/18 03:52:21 [notice] 51#51: gracefully shutting down
2025/08/18 03:52:21 [notice] 50#50: gracefully shutting down
2025/08/18 03:52:21 [notice] 53#53: gracefully shutting down
2025/08/18 03:52:21 [notice] 52#52: gracefully shutting down
2025/08/18 03:52:21 [notice] 54#54: gracefully shutting down
2025/08/18 03:52:21 [notice] 54#54: exiting
2025/08/18 03:52:21 [notice] 55#55: gracefully shutting down
2025/08/18 03:52:21 [notice] 56#56: gracefully shutting down
2025/08/18 03:52:21 [notice] 57#57: gracefully shutting down
2025/08/18 03:52:21 [notice] 58#58: gracefully shutting down
2025/08/18 03:52:21 [notice] 59#59: gracefully shutting down
2025/08/18 03:52:21 [notice] 60#60: gracefully shutting down
2025/08/18 03:52:21 [notice] 29#29: exiting
2025/08/18 03:52:21 [notice] 46#46: gracefully shutting down
2025/08/18 03:52:21 [notice] 31#31: exiting
2025/08/18 03:52:21 [notice] 30#30: exiting
2025/08/18 03:52:21 [notice] 32#32: exiting
2025/08/18 03:52:21 [notice] 34#34: exiting
2025/08/18 03:52:21 [notice] 36#36: exiting
2025/08/18 03:52:21 [notice] 38#38: exiting
2025/08/18 03:52:21 [notice] 37#37: exiting
2025/08/18 03:52:21 [notice] 33#33: exiting
2025/08/18 03:52:21 [notice] 40#40: exiting
2025/08/18 03:52:21 [notice] 33#33: exit
2025/08/18 03:52:21 [notice] 39#39: exiting
2025/08/18 03:52:21 [notice] 41#41: exiting
2025/08/18 03:52:21 [notice] 35#35: exiting
2025/08/18 03:52:21 [notice] 43#43: exiting
2025/08/18 03:52:21 [notice] 44#44: exiting
2025/08/18 03:52:21 [notice] 47#47: exiting
2025/08/18 03:52:21 [notice] 48#48: exit
2025/08/18 03:52:21 [notice] 45#45: exiting
2025/08/18 03:52:21 [notice] 49#49: exiting
2025/08/18 03:52:21 [notice] 42#42: exiting
2025/08/18 03:52:21 [notice] 51#51: exiting
2025/08/18 03:52:21 [notice] 50#50: exiting
2025/08/18 03:52:21 [notice] 53#53: exiting
2025/08/18 03:52:21 [notice] 52#52: exiting
2025/08/18 03:52:21 [notice] 55#55: exiting
2025/08/18 03:52:21 [notice] 54#54: exit
2025/08/18 03:52:21 [notice] 56#56: exiting
2025/08/18 03:52:21 [notice] 57#57: exiting
2025/08/18 03:52:21 [notice] 58#58: exiting
2025/08/18 03:52:21 [notice] 59#59: exiting
2025/08/18 03:52:21 [notice] 60#60: exiting
2025/08/18 03:52:21 [notice] 29#29: exit
2025/08/18 03:52:21 [notice] 46#46: exiting
2025/08/18 03:52:21 [notice] 31#31: exit
2025/08/18 03:52:21 [notice] 30#30: exit
2025/08/18 03:52:21 [notice] 32#32: exit
2025/08/18 03:52:21 [notice] 34#34: exit
2025/08/18 03:52:21 [notice] 36#36: exit
2025/08/18 03:52:21 [notice] 38#38: exit
2025/08/18 03:52:21 [notice] 37#37: exit
2025/08/18 03:52:21 [notice] 40#40: exit
2025/08/18 03:52:21 [notice] 39#39: exit
2025/08/18 03:52:21 [notice] 41#41: exit
2025/08/18 03:52:21 [notice] 35#35: exit
2025/08/18 03:52:21 [notice] 43#43: exit
2025/08/18 03:52:21 [notice] 44#44: exit
2025/08/18 03:52:21 [notice] 47#47: exit
2025/08/18 03:52:21 [notice] 45#45: exit
2025/08/18 03:52:21 [notice] 49#49: exit
2025/08/18 03:52:21 [notice] 42#42: exit
2025/08/18 03:52:21 [notice] 51#51: exit
2025/08/18 03:52:21 [notice] 50#50: exit
2025/08/18 03:52:21 [notice] 53#53: exit
2025/08/18 03:52:21 [notice] 52#52: exit
2025/08/18 03:52:21 [notice] 55#55: exit
2025/08/18 03:52:21 [notice] 56#56: exit
2025/08/18 03:52:21 [notice] 57#57: exit
2025/08/18 03:52:21 [notice] 58#58: exit
2025/08/18 03:52:21 [notice] 59#59: exit
2025/08/18 03:52:21 [notice] 60#60: exit
2025/08/18 03:52:21 [notice] 46#46: exit
2025/08/18 03:52:21 [notice] 1#1: signal 17 (SIGCHLD) received from 29
2025/08/18 03:52:21 [notice] 1#1: worker process 29 exited with code 0
2025/08/18 03:52:21 [notice] 1#1: worker process 33 exited with code 0
2025/08/18 03:52:21 [notice] 1#1: worker process 48 exited with code 0
2025/08/18 03:52:21 [notice] 1#1: signal 29 (SIGIO) received
2025/08/18 03:52:21 [notice] 1#1: signal 17 (SIGCHLD) received from 33
2025/08/18 03:52:21 [notice] 1#1: signal 17 (SIGCHLD) received from 30
2025/08/18 03:52:21 [notice] 1#1: worker process 30 exited with code 0
2025/08/18 03:52:21 [notice] 1#1: worker process 34 exited with code 0
2025/08/18 03:52:21 [notice] 1#1: worker process 44 exited with code 0
2025/08/18 03:52:21 [notice] 1#1: worker process 54 exited with code 0
2025/08/18 03:52:21 [notice] 1#1: signal 29 (SIGIO) received
2025/08/18 03:52:21 [notice] 1#1: signal 17 (SIGCHLD) received from 38
2025/08/18 03:52:21 [notice] 1#1: worker process 32 exited with code 0
2025/08/18 03:52:21 [notice] 1#1: worker process 35 exited with code 0
2025/08/18 03:52:21 [notice] 1#1: worker process 38 exited with code 0
2025/08/18 03:52:21 [notice] 1#1: worker process 31 exited with code 0
2025/08/18 03:52:21 [notice] 1#1: worker process 36 exited with code 0
2025/08/18 03:52:21 [notice] 1#1: worker process 37 exited with code 0
2025/08/18 03:52:21 [notice] 1#1: worker process 39 exited with code 0
2025/08/18 03:52:21 [notice] 1#1: worker process 40 exited with code 0
2025/08/18 03:52:21 [notice] 1#1: worker process 41 exited with code 0
2025/08/18 03:52:21 [notice] 1#1: worker process 43 exited with code 0
2025/08/18 03:52:21 [notice] 1#1: worker process 46 exited with code 0
2025/08/18 03:52:21 [notice] 1#1: worker process 53 exited with code 0
2025/08/18 03:52:21 [notice] 1#1: worker process 55 exited with code 0
2025/08/18 03:52:21 [notice] 1#1: signal 29 (SIGIO) received
2025/08/18 03:52:21 [notice] 1#1: signal 17 (SIGCHLD) received from 55
2025/08/18 03:52:21 [notice] 1#1: signal 17 (SIGCHLD) received from 49
2025/08/18 03:52:21 [notice] 1#1: worker process 42 exited with code 0
2025/08/18 03:52:21 [notice] 1#1: worker process 45 exited with code 0
2025/08/18 03:52:21 [notice] 1#1: worker process 47 exited with code 0
2025/08/18 03:52:21 [notice] 1#1: worker process 49 exited with code 0
2025/08/18 03:52:21 [notice] 1#1: worker process 50 exited with code 0
2025/08/18 03:52:21 [notice] 1#1: worker process 51 exited with code 0
2025/08/18 03:52:21 [notice] 1#1: worker process 52 exited with code 0
2025/08/18 03:52:21 [notice] 1#1: worker process 56 exited with code 0
2025/08/18 03:52:21 [notice] 1#1: worker process 57 exited with code 0
2025/08/18 03:52:21 [notice] 1#1: worker process 58 exited with code 0
2025/08/18 03:52:21 [notice] 1#1: worker process 59 exited with code 0
2025/08/18 03:52:21 [notice] 1#1: worker process 60 exited with code 0
2025/08/18 03:52:21 [notice] 1#1: exit
2025/08/18 03:53:50 [notice] 1#1: using the "epoll" event method
2025/08/18 03:53:50 [notice] 1#1: nginx/1.29.1
2025/08/18 03:53:50 [notice] 1#1: built by gcc 14.2.0 (Alpine 14.2.0) 
2025/08/18 03:53:50 [notice] 1#1: OS: Linux 6.6.87.2-microsoft-standard-WSL2
2025/08/18 03:53:50 [notice] 1#1: getrlimit(RLIMIT_NOFILE): 1048576:1048576
2025/08/18 03:53:50 [notice] 1#1: start worker processes
2025/08/18 03:53:50 [notice] 1#1: start worker process 30
2025/08/18 03:53:50 [notice] 1#1: start worker process 31
2025/08/18 03:53:50 [notice] 1#1: start worker process 32
2025/08/18 03:53:50 [notice] 1#1: start worker process 33
2025/08/18 03:53:50 [notice] 1#1: start worker process 34
2025/08/18 03:53:50 [notice] 1#1: start worker process 35
2025/08/18 03:53:50 [notice] 1#1: start worker process 36
2025/08/18 03:53:50 [notice] 1#1: start worker process 37
2025/08/18 03:53:50 [notice] 1#1: start worker process 38
2025/08/18 03:53:50 [notice] 1#1: start worker process 39
2025/08/18 03:53:50 [notice] 1#1: start worker process 40
2025/08/18 03:53:50 [notice] 1#1: start worker process 41
2025/08/18 03:53:50 [notice] 1#1: start worker process 42
2025/08/18 03:53:50 [notice] 1#1: start worker process 43
2025/08/18 03:53:50 [notice] 1#1: start worker process 44
2025/08/18 03:53:50 [notice] 1#1: start worker process 45
2025/08/18 03:53:50 [notice] 1#1: start worker process 46
2025/08/18 03:53:50 [notice] 1#1: start worker process 47
2025/08/18 03:53:50 [notice] 1#1: start worker process 48
2025/08/18 03:53:50 [notice] 1#1: start worker process 49
2025/08/18 03:53:50 [notice] 1#1: start worker process 50
2025/08/18 03:53:50 [notice] 1#1: start worker process 51
2025/08/18 03:53:50 [notice] 1#1: start worker process 52
2025/08/18 03:53:50 [notice] 1#1: start worker process 53
2025/08/18 03:53:50 [notice] 1#1: start worker process 54
2025/08/18 03:53:50 [notice] 1#1: start worker process 55
2025/08/18 03:53:50 [notice] 1#1: start worker process 56
2025/08/18 03:53:50 [notice] 1#1: start worker process 57
2025/08/18 03:53:50 [notice] 1#1: start worker process 58
2025/08/18 03:53:50 [notice] 1#1: start worker process 59
2025/08/18 03:53:50 [notice] 1#1: start worker process 60
2025/08/18 03:53:50 [notice] 1#1: start worker process 61
2025/08/18 03:54:12 [error] 30#30: *1 open() "/usr/share/nginx/html/index.php/apps/files/preview-service-worker.js" failed (2: No such file or directory), client: 172.27.0.1, server: localhost, request: "GET /index.php/apps/files/preview-service-worker.js HTTP/1.1", host: "localhost:8080", referrer: "http://localhost:8080/index.php/apps/files/preview-service-worker.js"
2025/08/18 03:54:14 [error] 30#30: *1 open() "/usr/share/nginx/html/index.php/apps/files/preview-service-worker.js" failed (2: No such file or directory), client: 172.27.0.1, server: localhost, request: "GET /index.php/apps/files/preview-service-worker.js HTTP/1.1", host: "localhost:8080", referrer: "http://localhost:8080/index.php/apps/files/preview-service-worker.js"
2025/08/18 03:54:43 [error] 30#30: *1 open() "/usr/share/nginx/html/index.php/apps/files/preview-service-worker.js" failed (2: No such file or directory), client: 172.27.0.1, server: localhost, request: "GET /index.php/apps/files/preview-service-worker.js HTTP/1.1", host: "localhost:8080", referrer: "http://localhost:8080/index.php/apps/files/preview-service-worker.js"
2025/08/18 03:58:15 [error] 41#41: *12 open() "/usr/share/nginx/html/index.php/apps/files/preview-service-worker.js" failed (2: No such file or directory), client: 172.27.0.1, server: localhost, request: "GET /index.php/apps/files/preview-service-worker.js HTTP/1.1", host: "localhost:8080", referrer: "http://localhost:8080/index.php/apps/files/preview-service-worker.js"
2025/08/18 04:12:12 [notice] 1#1: signal 3 (SIGQUIT) received, shutting down
2025/08/18 04:12:12 [notice] 30#30: gracefully shutting down
2025/08/18 04:12:12 [notice] 31#31: gracefully shutting down
2025/08/18 04:12:12 [notice] 33#33: gracefully shutting down
2025/08/18 04:12:12 [notice] 36#36: gracefully shutting down
2025/08/18 04:12:12 [notice] 35#35: gracefully shutting down
2025/08/18 04:12:12 [notice] 38#38: gracefully shutting down
2025/08/18 04:12:12 [notice] 37#37: gracefully shutting down
2025/08/18 04:12:12 [notice] 39#39: gracefully shutting down
2025/08/18 04:12:12 [notice] 42#42: gracefully shutting down
2025/08/18 04:12:12 [notice] 32#32: gracefully shutting down
2025/08/18 04:12:12 [notice] 43#43: gracefully shutting down
2025/08/18 04:12:12 [notice] 45#45: gracefully shutting down
2025/08/18 04:12:12 [notice] 46#46: gracefully shutting down
2025/08/18 04:12:12 [notice] 49#49: gracefully shutting down
2025/08/18 04:12:12 [notice] 47#47: gracefully shutting down
2025/08/18 04:12:12 [notice] 50#50: gracefully shutting down
2025/08/18 04:12:12 [notice] 48#48: gracefully shutting down
2025/08/18 04:12:12 [notice] 51#51: gracefully shutting down
2025/08/18 04:12:12 [notice] 52#52: gracefully shutting down
2025/08/18 04:12:12 [notice] 53#53: gracefully shutting down
2025/08/18 04:12:12 [notice] 57#57: gracefully shutting down
2025/08/18 04:12:12 [notice] 54#54: gracefully shutting down
2025/08/18 04:12:12 [notice] 58#58: gracefully shutting down
2025/08/18 04:12:12 [notice] 44#44: gracefully shutting down
2025/08/18 04:12:12 [notice] 41#41: gracefully shutting down
2025/08/18 04:12:12 [notice] 56#56: gracefully shutting down
2025/08/18 04:12:12 [notice] 59#59: gracefully shutting down
2025/08/18 04:12:12 [notice] 60#60: gracefully shutting down
2025/08/18 04:12:12 [notice] 61#61: gracefully shutting down
2025/08/18 04:12:12 [notice] 34#34: gracefully shutting down
2025/08/18 04:12:12 [notice] 40#40: gracefully shutting down
2025/08/18 04:12:12 [notice] 55#55: gracefully shutting down
2025/08/18 04:12:12 [notice] 30#30: exiting
2025/08/18 04:12:12 [notice] 31#31: exiting
2025/08/18 04:12:12 [notice] 33#33: exiting
2025/08/18 04:12:12 [notice] 36#36: exiting
2025/08/18 04:12:12 [notice] 35#35: exiting
2025/08/18 04:12:12 [notice] 38#38: exiting
2025/08/18 04:12:12 [notice] 37#37: exiting
2025/08/18 04:12:12 [notice] 39#39: exiting
2025/08/18 04:12:12 [notice] 42#42: exiting
2025/08/18 04:12:12 [notice] 32#32: exiting
2025/08/18 04:12:12 [notice] 43#43: exiting
2025/08/18 04:12:12 [notice] 45#45: exiting
2025/08/18 04:12:12 [notice] 46#46: exiting
2025/08/18 04:12:12 [notice] 49#49: exiting
2025/08/18 04:12:12 [notice] 47#47: exiting
2025/08/18 04:12:12 [notice] 50#50: exiting
2025/08/18 04:12:12 [notice] 48#48: exiting
2025/08/18 04:12:12 [notice] 51#51: exiting
2025/08/18 04:12:12 [notice] 52#52: exiting
2025/08/18 04:12:12 [notice] 53#53: exiting
2025/08/18 04:12:12 [notice] 57#57: exiting
2025/08/18 04:12:12 [notice] 54#54: exiting
2025/08/18 04:12:12 [notice] 58#58: exiting
2025/08/18 04:12:12 [notice] 44#44: exiting
2025/08/18 04:12:12 [notice] 41#41: exiting
2025/08/18 04:12:12 [notice] 56#56: exiting
2025/08/18 04:12:12 [notice] 59#59: exiting
2025/08/18 04:12:12 [notice] 60#60: exiting
2025/08/18 04:12:12 [notice] 61#61: exiting
2025/08/18 04:12:12 [notice] 34#34: exiting
2025/08/18 04:12:12 [notice] 40#40: exiting
2025/08/18 04:12:12 [notice] 55#55: exiting
2025/08/18 04:12:12 [notice] 30#30: exit
2025/08/18 04:12:12 [notice] 31#31: exit
2025/08/18 04:12:12 [notice] 33#33: exit
2025/08/18 04:12:12 [notice] 36#36: exit
2025/08/18 04:12:12 [notice] 35#35: exit
2025/08/18 04:12:12 [notice] 38#38: exit
2025/08/18 04:12:12 [notice] 37#37: exit
2025/08/18 04:12:12 [notice] 39#39: exit
2025/08/18 04:12:12 [notice] 42#42: exit
2025/08/18 04:12:12 [notice] 32#32: exit
2025/08/18 04:12:12 [notice] 43#43: exit
2025/08/18 04:12:12 [notice] 45#45: exit
2025/08/18 04:12:12 [notice] 46#46: exit
2025/08/18 04:12:12 [notice] 49#49: exit
2025/08/18 04:12:12 [notice] 47#47: exit
2025/08/18 04:12:12 [notice] 50#50: exit
2025/08/18 04:12:12 [notice] 48#48: exit
2025/08/18 04:12:12 [notice] 51#51: exit
2025/08/18 04:12:12 [notice] 52#52: exit
2025/08/18 04:12:12 [notice] 53#53: exit
2025/08/18 04:12:12 [notice] 57#57: exit
2025/08/18 04:12:12 [notice] 54#54: exit
2025/08/18 04:12:12 [notice] 58#58: exit
2025/08/18 04:12:12 [notice] 44#44: exit
2025/08/18 04:12:12 [notice] 41#41: exit
2025/08/18 04:12:12 [notice] 56#56: exit
2025/08/18 04:12:12 [notice] 59#59: exit
2025/08/18 04:12:12 [notice] 60#60: exit
2025/08/18 04:12:12 [notice] 61#61: exit
2025/08/18 04:12:12 [notice] 34#34: exit
2025/08/18 04:12:12 [notice] 40#40: exit
2025/08/18 04:12:12 [notice] 55#55: exit
2025/08/18 04:12:12 [notice] 1#1: signal 17 (SIGCHLD) received from 49
2025/08/18 04:12:12 [notice] 1#1: worker process 34 exited with code 0
2025/08/18 04:12:12 [notice] 1#1: worker process 49 exited with code 0
2025/08/18 04:12:12 [notice] 1#1: signal 29 (SIGIO) received
2025/08/18 04:12:12 [notice] 1#1: signal 17 (SIGCHLD) received from 37
2025/08/18 04:12:12 [notice] 1#1: worker process 31 exited with code 0
2025/08/18 04:12:12 [notice] 1#1: worker process 37 exited with code 0
2025/08/18 04:12:12 [notice] 1#1: worker process 45 exited with code 0
2025/08/18 04:12:12 [notice] 1#1: worker process 46 exited with code 0
2025/08/18 04:12:12 [notice] 1#1: worker process 52 exited with code 0
2025/08/18 04:12:12 [notice] 1#1: worker process 30 exited with code 0
2025/08/18 04:12:12 [notice] 1#1: worker process 32 exited with code 0
2025/08/18 04:12:12 [notice] 1#1: worker process 33 exited with code 0
2025/08/18 04:12:12 [notice] 1#1: worker process 35 exited with code 0
2025/08/18 04:12:12 [notice] 1#1: worker process 36 exited with code 0
2025/08/18 04:12:12 [notice] 1#1: worker process 38 exited with code 0
2025/08/18 04:12:12 [notice] 1#1: worker process 39 exited with code 0
2025/08/18 04:12:12 [notice] 1#1: worker process 40 exited with code 0
2025/08/18 04:12:12 [notice] 1#1: worker process 41 exited with code 0
2025/08/18 04:12:12 [notice] 1#1: worker process 42 exited with code 0
2025/08/18 04:12:12 [notice] 1#1: worker process 43 exited with code 0
2025/08/18 04:12:12 [notice] 1#1: worker process 44 exited with code 0
2025/08/18 04:12:12 [notice] 1#1: worker process 47 exited with code 0
2025/08/18 04:12:12 [notice] 1#1: worker process 48 exited with code 0
2025/08/18 04:12:12 [notice] 1#1: worker process 50 exited with code 0
2025/08/18 04:12:12 [notice] 1#1: worker process 51 exited with code 0
2025/08/18 04:12:12 [notice] 1#1: worker process 53 exited with code 0
2025/08/18 04:12:12 [notice] 1#1: worker process 54 exited with code 0
2025/08/18 04:12:12 [notice] 1#1: worker process 55 exited with code 0
2025/08/18 04:12:12 [notice] 1#1: worker process 56 exited with code 0
2025/08/18 04:12:12 [notice] 1#1: worker process 57 exited with code 0
2025/08/18 04:12:12 [notice] 1#1: worker process 58 exited with code 0
2025/08/18 04:12:12 [notice] 1#1: worker process 59 exited with code 0
2025/08/18 04:12:12 [notice] 1#1: worker process 60 exited with code 0
2025/08/18 04:12:12 [notice] 1#1: worker process 61 exited with code 0
2025/08/18 04:12:12 [notice] 1#1: exit
2025/08/18 04:18:28 [notice] 1#1: using the "epoll" event method
2025/08/18 04:18:28 [notice] 1#1: nginx/1.29.1
2025/08/18 04:18:28 [notice] 1#1: built by gcc 14.2.0 (Alpine 14.2.0) 
2025/08/18 04:18:28 [notice] 1#1: OS: Linux 6.6.87.2-microsoft-standard-WSL2
2025/08/18 04:18:28 [notice] 1#1: getrlimit(RLIMIT_NOFILE): 1048576:1048576
2025/08/18 04:18:28 [notice] 1#1: start worker processes
2025/08/18 04:18:28 [notice] 1#1: start worker process 29
2025/08/18 04:18:28 [notice] 1#1: start worker process 30
2025/08/18 04:18:28 [notice] 1#1: start worker process 31
2025/08/18 04:18:28 [notice] 1#1: start worker process 32
2025/08/18 04:18:28 [notice] 1#1: start worker process 33
2025/08/18 04:18:28 [notice] 1#1: start worker process 34
2025/08/18 04:18:28 [notice] 1#1: start worker process 35
2025/08/18 04:18:28 [notice] 1#1: start worker process 36
2025/08/18 04:18:28 [notice] 1#1: start worker process 37
2025/08/18 04:18:28 [notice] 1#1: start worker process 38
2025/08/18 04:18:28 [notice] 1#1: start worker process 39
2025/08/18 04:18:28 [notice] 1#1: start worker process 40
2025/08/18 04:18:28 [notice] 1#1: start worker process 41
2025/08/18 04:18:28 [notice] 1#1: start worker process 42
2025/08/18 04:18:28 [notice] 1#1: start worker process 43
2025/08/18 04:18:28 [notice] 1#1: start worker process 44
2025/08/18 04:18:28 [notice] 1#1: start worker process 45
2025/08/18 04:18:28 [notice] 1#1: start worker process 46
2025/08/18 04:18:28 [notice] 1#1: start worker process 47
2025/08/18 04:18:28 [notice] 1#1: start worker process 48
2025/08/18 04:18:28 [notice] 1#1: start worker process 49
2025/08/18 04:18:28 [notice] 1#1: start worker process 50
2025/08/18 04:18:28 [notice] 1#1: start worker process 51
2025/08/18 04:18:28 [notice] 1#1: start worker process 52
2025/08/18 04:18:28 [notice] 1#1: start worker process 53
2025/08/18 04:18:28 [notice] 1#1: start worker process 54
2025/08/18 04:18:28 [notice] 1#1: start worker process 55
2025/08/18 04:18:28 [notice] 1#1: start worker process 56
2025/08/18 04:18:28 [notice] 1#1: start worker process 57
2025/08/18 04:18:28 [notice] 1#1: start worker process 58
2025/08/18 04:18:28 [notice] 1#1: start worker process 59
2025/08/18 04:18:28 [notice] 1#1: start worker process 60
2025/08/18 04:18:45 [error] 29#29: *1 open() "/usr/share/nginx/html/index.php/apps/files/preview-service-worker.js" failed (2: No such file or directory), client: 172.28.0.1, server: localhost, request: "GET /index.php/apps/files/preview-service-worker.js HTTP/1.1", host: "localhost:8080", referrer: "http://localhost:8080/index.php/apps/files/preview-service-worker.js"
2025/08/18 04:19:21 [error] 29#29: *1 open() "/usr/share/nginx/html/index.php/apps/files/preview-service-worker.js" failed (2: No such file or directory), client: 172.28.0.1, server: localhost, request: "GET /index.php/apps/files/preview-service-worker.js HTTP/1.1", host: "localhost:8080", referrer: "http://localhost:8080/index.php/apps/files/preview-service-worker.js"
